<?xml version="1.0" encoding="UTF-8"?>
<!-- Generated by org.testng.reporters.JUnitXMLReporter -->
<testsuite hostname="DESKTOP-RHNDBHD" ignored="2" name="Test" tests="2" failures="1" timestamp="2019-08-28T09:02:09 IST" time="172.6" errors="0">
  <testcase name="takeinput" time="118.773" classname="com.facebook.testcases.login"/>
  <testcase name="pic" time="0.004" classname="com.facebook.testcases.uploadphoto">
    <failure type="java.lang.NullPointerException">
      <![CDATA[java.lang.NullPointerException
at com.facebook.utils.ss.takeScreenshot(ss.java:24)
at com.facebook.testcases.uploadphoto.pic(uploadphoto.java:42)
at java.util.ArrayList.forEach(Unknown Source)
... Removed 27 stack frames]]>
    </failure>
  </testcase> <!-- pic -->
  <testcase name="@AfterTest closebrowser" time="0.0" classname="com.facebook.testcases.SuperFB">
    <ignored/>
  </testcase> <!-- @AfterTest closebrowser -->
  <testcase name="@BeforeTest launchchrome" time="0.0" classname="com.facebook.testcases.SuperFB">
    <ignored/>
  </testcase> <!-- @BeforeTest launchchrome -->
</testsuite> <!-- Test -->
