<?xml version="1.0" encoding="UTF-8"?>
<testng-results skipped="0" failed="1" ignored="2" total="4" passed="1">
  <reporter-output>
  </reporter-output>
  <suite name="Suite" duration-ms="172600" started-at="2019-08-28T08:59:16 IST" finished-at="2019-08-28T09:02:09 IST">
    <groups>
    </groups>
    <test name="Test" duration-ms="172600" started-at="2019-08-28T08:59:16 IST" finished-at="2019-08-28T09:02:09 IST">
      <class name="com.facebook.testcases.uploadphoto">
        <test-method status="FAIL" signature="pic()[pri:0, instance:com.facebook.testcases.uploadphoto@5f9d02cb]" name="pic" duration-ms="4" started-at="2019-08-28T09:02:08 IST" finished-at="2019-08-28T09:02:08 IST">
          <exception class="java.lang.NullPointerException">
            <full-stacktrace>
              <![CDATA[java.lang.NullPointerException
at com.facebook.utils.ss.takeScreenshot(ss.java:24)
at com.facebook.testcases.uploadphoto.pic(uploadphoto.java:42)
at sun.reflect.NativeMethodAccessorImpl.invoke0(Native Method)
at sun.reflect.NativeMethodAccessorImpl.invoke(Unknown Source)
at sun.reflect.DelegatingMethodAccessorImpl.invoke(Unknown Source)
at java.lang.reflect.Method.invoke(Unknown Source)
at org.testng.internal.MethodInvocationHelper.invokeMethod(MethodInvocationHelper.java:133)
at org.testng.internal.TestInvoker.invokeMethod(TestInvoker.java:584)
at org.testng.internal.TestInvoker.invokeTestMethod(TestInvoker.java:172)
at org.testng.internal.MethodRunner.runInSequence(MethodRunner.java:46)
at org.testng.internal.TestInvoker$MethodInvocationAgent.invoke(TestInvoker.java:804)
at org.testng.internal.TestInvoker.invokeTestMethods(TestInvoker.java:145)
at org.testng.internal.TestMethodWorker.invokeTestMethods(TestMethodWorker.java:146)
at org.testng.internal.TestMethodWorker.run(TestMethodWorker.java:128)
at java.util.ArrayList.forEach(Unknown Source)
at org.testng.TestRunner.privateRun(TestRunner.java:770)
at org.testng.TestRunner.run(TestRunner.java:591)
at org.testng.SuiteRunner.runTest(SuiteRunner.java:402)
at org.testng.SuiteRunner.runSequentially(SuiteRunner.java:396)
at org.testng.SuiteRunner.privateRun(SuiteRunner.java:355)
at org.testng.SuiteRunner.run(SuiteRunner.java:304)
at org.testng.SuiteRunnerWorker.runSuite(SuiteRunnerWorker.java:53)
at org.testng.SuiteRunnerWorker.run(SuiteRunnerWorker.java:96)
at org.testng.TestNG.runSuitesSequentially(TestNG.java:1180)
at org.testng.TestNG.runSuitesLocally(TestNG.java:1102)
at org.testng.TestNG.runSuites(TestNG.java:1032)
at org.testng.TestNG.run(TestNG.java:1000)
at org.testng.remote.AbstractRemoteTestNG.run(AbstractRemoteTestNG.java:115)
at org.testng.remote.RemoteTestNG.initAndRun(RemoteTestNG.java:251)
at org.testng.remote.RemoteTestNG.main(RemoteTestNG.java:77)
]]>
            </full-stacktrace>
          </exception> <!-- java.lang.NullPointerException -->
          <reporter-output>
          </reporter-output>
        </test-method> <!-- pic -->
      </class> <!-- com.facebook.testcases.uploadphoto -->
      <class name="com.facebook.testcases.login">
        <test-method status="PASS" signature="launchchrome()[pri:0, instance:com.facebook.testcases.login@370736d9]" name="launchchrome" is-config="true" duration-ms="53456" started-at="2019-08-28T08:59:16 IST" finished-at="2019-08-28T09:00:10 IST">
          <reporter-output>
          </reporter-output>
        </test-method> <!-- launchchrome -->
        <test-method status="PASS" signature="takeinput()[pri:0, instance:com.facebook.testcases.login@370736d9]" name="takeinput" duration-ms="118773" started-at="2019-08-28T09:00:10 IST" finished-at="2019-08-28T09:02:08 IST">
          <reporter-output>
          </reporter-output>
        </test-method> <!-- takeinput -->
        <test-method status="PASS" signature="closebrowser()[pri:0, instance:com.facebook.testcases.login@370736d9]" name="closebrowser" is-config="true" duration-ms="250" started-at="2019-08-28T09:02:08 IST" finished-at="2019-08-28T09:02:09 IST">
          <reporter-output>
          </reporter-output>
        </test-method> <!-- closebrowser -->
      </class> <!-- com.facebook.testcases.login -->
    </test> <!-- Test -->
  </suite> <!-- Suite -->
</testng-results>
